                              1 ;--------------------------------------------------------
                              2 ; File Created by SDCC : free open source ANSI-C Compiler
                              3 ; Version 3.6.8 #9946 (Linux)
                              4 ;--------------------------------------------------------
                              5 	.module bad_ship
                              6 	.optsdcc -mz80
                              7 	
                              8 ;--------------------------------------------------------
                              9 ; Public variables in this module
                             10 ;--------------------------------------------------------
                             11 	.globl _sp_enemy_ship
                             12 ;--------------------------------------------------------
                             13 ; special function registers
                             14 ;--------------------------------------------------------
                             15 ;--------------------------------------------------------
                             16 ; ram data
                             17 ;--------------------------------------------------------
                             18 	.area _DATA
                             19 ;--------------------------------------------------------
                             20 ; ram data
                             21 ;--------------------------------------------------------
                             22 	.area _INITIALIZED
                             23 ;--------------------------------------------------------
                             24 ; absolute external ram data
                             25 ;--------------------------------------------------------
                             26 	.area _DABS (ABS)
                             27 ;--------------------------------------------------------
                             28 ; global & static initialisations
                             29 ;--------------------------------------------------------
                             30 	.area _HOME
                             31 	.area _GSINIT
                             32 	.area _GSFINAL
                             33 	.area _GSINIT
                             34 ;--------------------------------------------------------
                             35 ; Home
                             36 ;--------------------------------------------------------
                             37 	.area _HOME
                             38 	.area _HOME
                             39 ;--------------------------------------------------------
                             40 ; code
                             41 ;--------------------------------------------------------
                             42 	.area _CODE
                             43 	.area _CODE
   0000                      44 _sp_enemy_ship:
   0000 00                   45 	.db #0x00	; 0
   0001 00                   46 	.db #0x00	; 0
   0002 00                   47 	.db #0x00	; 0
   0003 00                   48 	.db #0x00	; 0
   0004 C0                   49 	.db #0xc0	; 192
   0005 C0                   50 	.db #0xc0	; 192
   0006 C0                   51 	.db #0xc0	; 192
   0007 C0                   52 	.db #0xc0	; 192
   0008 00                   53 	.db #0x00	; 0
   0009 00                   54 	.db #0x00	; 0
   000A 00                   55 	.db #0x00	; 0
   000B 00                   56 	.db #0x00	; 0
   000C 00                   57 	.db #0x00	; 0
   000D 00                   58 	.db #0x00	; 0
   000E 00                   59 	.db #0x00	; 0
   000F 40                   60 	.db #0x40	; 64
   0010 C0                   61 	.db #0xc0	; 192
   0011 E0                   62 	.db #0xe0	; 224
   0012 F0                   63 	.db #0xf0	; 240
   0013 F0                   64 	.db #0xf0	; 240
   0014 D0                   65 	.db #0xd0	; 208
   0015 C0                   66 	.db #0xc0	; 192
   0016 80                   67 	.db #0x80	; 128
   0017 00                   68 	.db #0x00	; 0
   0018 00                   69 	.db #0x00	; 0
   0019 00                   70 	.db #0x00	; 0
   001A 00                   71 	.db #0x00	; 0
   001B 40                   72 	.db #0x40	; 64
   001C D0                   73 	.db #0xd0	; 208
   001D F0                   74 	.db #0xf0	; 240
   001E C0                   75 	.db #0xc0	; 192
   001F F0                   76 	.db #0xf0	; 240
   0020 F0                   77 	.db #0xf0	; 240
   0021 C0                   78 	.db #0xc0	; 192
   0022 F0                   79 	.db #0xf0	; 240
   0023 E0                   80 	.db #0xe0	; 224
   0024 80                   81 	.db #0x80	; 128
   0025 00                   82 	.db #0x00	; 0
   0026 00                   83 	.db #0x00	; 0
   0027 00                   84 	.db #0x00	; 0
   0028 D0                   85 	.db #0xd0	; 208
   0029 F0                   86 	.db #0xf0	; 240
   002A F0                   87 	.db #0xf0	; 240
   002B C0                   88 	.db #0xc0	; 192
   002C F0                   89 	.db #0xf0	; 240
   002D F0                   90 	.db #0xf0	; 240
   002E C0                   91 	.db #0xc0	; 192
   002F F0                   92 	.db #0xf0	; 240
   0030 F0                   93 	.db #0xf0	; 240
   0031 E0                   94 	.db #0xe0	; 224
   0032 00                   95 	.db #0x00	; 0
   0033 00                   96 	.db #0x00	; 0
   0034 40                   97 	.db #0x40	; 64
   0035 F0                   98 	.db #0xf0	; 240
   0036 F0                   99 	.db #0xf0	; 240
   0037 F0                  100 	.db #0xf0	; 240
   0038 94                  101 	.db #0x94	; 148
   0039 C0                  102 	.db #0xc0	; 192
   003A C0                  103 	.db #0xc0	; 192
   003B 68                  104 	.db #0x68	; 104	'h'
   003C F0                  105 	.db #0xf0	; 240
   003D F0                  106 	.db #0xf0	; 240
   003E F0                  107 	.db #0xf0	; 240
   003F 80                  108 	.db #0x80	; 128
   0040 00                  109 	.db #0x00	; 0
   0041 D0                  110 	.db #0xd0	; 208
   0042 F0                  111 	.db #0xf0	; 240
   0043 F0                  112 	.db #0xf0	; 240
   0044 F0                  113 	.db #0xf0	; 240
   0045 94                  114 	.db #0x94	; 148
   0046 FF                  115 	.db #0xff	; 255
   0047 3C                  116 	.db #0x3c	; 60
   0048 68                  117 	.db #0x68	; 104	'h'
   0049 F0                  118 	.db #0xf0	; 240
   004A F0                  119 	.db #0xf0	; 240
   004B F0                  120 	.db #0xf0	; 240
   004C E0                  121 	.db #0xe0	; 224
   004D 00                  122 	.db #0x00	; 0
   004E D0                  123 	.db #0xd0	; 208
   004F F0                  124 	.db #0xf0	; 240
   0050 F0                  125 	.db #0xf0	; 240
   0051 F0                  126 	.db #0xf0	; 240
   0052 E0                  127 	.db #0xe0	; 224
   0053 3C                  128 	.db #0x3c	; 60
   0054 3C                  129 	.db #0x3c	; 60
   0055 D0                  130 	.db #0xd0	; 208
   0056 F0                  131 	.db #0xf0	; 240
   0057 F0                  132 	.db #0xf0	; 240
   0058 F0                  133 	.db #0xf0	; 240
   0059 E0                  134 	.db #0xe0	; 224
   005A 00                  135 	.db #0x00	; 0
   005B C0                  136 	.db #0xc0	; 192
   005C F0                  137 	.db #0xf0	; 240
   005D F0                  138 	.db #0xf0	; 240
   005E F0                  139 	.db #0xf0	; 240
   005F F0                  140 	.db #0xf0	; 240
   0060 C0                  141 	.db #0xc0	; 192
   0061 C0                  142 	.db #0xc0	; 192
   0062 F0                  143 	.db #0xf0	; 240
   0063 F0                  144 	.db #0xf0	; 240
   0064 F0                  145 	.db #0xf0	; 240
   0065 F0                  146 	.db #0xf0	; 240
   0066 C0                  147 	.db #0xc0	; 192
   0067 00                  148 	.db #0x00	; 0
   0068 D0                  149 	.db #0xd0	; 208
   0069 D0                  150 	.db #0xd0	; 208
   006A F0                  151 	.db #0xf0	; 240
   006B F0                  152 	.db #0xf0	; 240
   006C F0                  153 	.db #0xf0	; 240
   006D F0                  154 	.db #0xf0	; 240
   006E F0                  155 	.db #0xf0	; 240
   006F F0                  156 	.db #0xf0	; 240
   0070 F0                  157 	.db #0xf0	; 240
   0071 F0                  158 	.db #0xf0	; 240
   0072 E0                  159 	.db #0xe0	; 224
   0073 E0                  160 	.db #0xe0	; 224
   0074 00                  161 	.db #0x00	; 0
   0075 D0                  162 	.db #0xd0	; 208
   0076 E0                  163 	.db #0xe0	; 224
   0077 D0                  164 	.db #0xd0	; 208
   0078 F0                  165 	.db #0xf0	; 240
   0079 F0                  166 	.db #0xf0	; 240
   007A F0                  167 	.db #0xf0	; 240
   007B F0                  168 	.db #0xf0	; 240
   007C F0                  169 	.db #0xf0	; 240
   007D F0                  170 	.db #0xf0	; 240
   007E E0                  171 	.db #0xe0	; 224
   007F D0                  172 	.db #0xd0	; 208
   0080 E0                  173 	.db #0xe0	; 224
   0081 00                  174 	.db #0x00	; 0
   0082 D0                  175 	.db #0xd0	; 208
   0083 F0                  176 	.db #0xf0	; 240
   0084 E0                  177 	.db #0xe0	; 224
   0085 C0                  178 	.db #0xc0	; 192
   0086 F0                  179 	.db #0xf0	; 240
   0087 F0                  180 	.db #0xf0	; 240
   0088 F0                  181 	.db #0xf0	; 240
   0089 F0                  182 	.db #0xf0	; 240
   008A C0                  183 	.db #0xc0	; 192
   008B D0                  184 	.db #0xd0	; 208
   008C F0                  185 	.db #0xf0	; 240
   008D E0                  186 	.db #0xe0	; 224
   008E 00                  187 	.db #0x00	; 0
   008F 40                  188 	.db #0x40	; 64
   0090 F0                  189 	.db #0xf0	; 240
   0091 F0                  190 	.db #0xf0	; 240
   0092 F0                  191 	.db #0xf0	; 240
   0093 C0                  192 	.db #0xc0	; 192
   0094 C0                  193 	.db #0xc0	; 192
   0095 C0                  194 	.db #0xc0	; 192
   0096 C0                  195 	.db #0xc0	; 192
   0097 F0                  196 	.db #0xf0	; 240
   0098 F0                  197 	.db #0xf0	; 240
   0099 F0                  198 	.db #0xf0	; 240
   009A 80                  199 	.db #0x80	; 128
   009B 00                  200 	.db #0x00	; 0
   009C 00                  201 	.db #0x00	; 0
   009D D0                  202 	.db #0xd0	; 208
   009E F0                  203 	.db #0xf0	; 240
   009F F0                  204 	.db #0xf0	; 240
   00A0 F0                  205 	.db #0xf0	; 240
   00A1 F0                  206 	.db #0xf0	; 240
   00A2 F0                  207 	.db #0xf0	; 240
   00A3 F0                  208 	.db #0xf0	; 240
   00A4 F0                  209 	.db #0xf0	; 240
   00A5 F0                  210 	.db #0xf0	; 240
   00A6 E0                  211 	.db #0xe0	; 224
   00A7 00                  212 	.db #0x00	; 0
   00A8 00                  213 	.db #0x00	; 0
   00A9 00                  214 	.db #0x00	; 0
   00AA 40                  215 	.db #0x40	; 64
   00AB D0                  216 	.db #0xd0	; 208
   00AC F0                  217 	.db #0xf0	; 240
   00AD F0                  218 	.db #0xf0	; 240
   00AE F0                  219 	.db #0xf0	; 240
   00AF F0                  220 	.db #0xf0	; 240
   00B0 F0                  221 	.db #0xf0	; 240
   00B1 F0                  222 	.db #0xf0	; 240
   00B2 E0                  223 	.db #0xe0	; 224
   00B3 80                  224 	.db #0x80	; 128
   00B4 00                  225 	.db #0x00	; 0
   00B5 00                  226 	.db #0x00	; 0
   00B6 00                  227 	.db #0x00	; 0
   00B7 00                  228 	.db #0x00	; 0
   00B8 40                  229 	.db #0x40	; 64
   00B9 C0                  230 	.db #0xc0	; 192
   00BA F0                  231 	.db #0xf0	; 240
   00BB F0                  232 	.db #0xf0	; 240
   00BC F0                  233 	.db #0xf0	; 240
   00BD F0                  234 	.db #0xf0	; 240
   00BE C0                  235 	.db #0xc0	; 192
   00BF 80                  236 	.db #0x80	; 128
   00C0 00                  237 	.db #0x00	; 0
   00C1 00                  238 	.db #0x00	; 0
   00C2 00                  239 	.db #0x00	; 0
   00C3 00                  240 	.db #0x00	; 0
   00C4 00                  241 	.db #0x00	; 0
   00C5 00                  242 	.db #0x00	; 0
   00C6 00                  243 	.db #0x00	; 0
   00C7 C0                  244 	.db #0xc0	; 192
   00C8 C0                  245 	.db #0xc0	; 192
   00C9 C0                  246 	.db #0xc0	; 192
   00CA C0                  247 	.db #0xc0	; 192
   00CB 00                  248 	.db #0x00	; 0
   00CC 00                  249 	.db #0x00	; 0
   00CD 00                  250 	.db #0x00	; 0
   00CE 00                  251 	.db #0x00	; 0
   00CF 00                  252 	.db #0x00	; 0
                            253 	.area _INITIALIZER
                            254 	.area _CABS (ABS)
