                              1 ;--------------------------------------------------------
                              2 ; File Created by SDCC : free open source ANSI-C Compiler
                              3 ; Version 3.6.8 #9946 (Linux)
                              4 ;--------------------------------------------------------
                              5 	.module my_ship
                              6 	.optsdcc -mz80
                              7 	
                              8 ;--------------------------------------------------------
                              9 ; Public variables in this module
                             10 ;--------------------------------------------------------
                             11 	.globl _sp_player_ship
                             12 ;--------------------------------------------------------
                             13 ; special function registers
                             14 ;--------------------------------------------------------
                             15 ;--------------------------------------------------------
                             16 ; ram data
                             17 ;--------------------------------------------------------
                             18 	.area _DATA
                             19 ;--------------------------------------------------------
                             20 ; ram data
                             21 ;--------------------------------------------------------
                             22 	.area _INITIALIZED
                             23 ;--------------------------------------------------------
                             24 ; absolute external ram data
                             25 ;--------------------------------------------------------
                             26 	.area _DABS (ABS)
                             27 ;--------------------------------------------------------
                             28 ; global & static initialisations
                             29 ;--------------------------------------------------------
                             30 	.area _HOME
                             31 	.area _GSINIT
                             32 	.area _GSFINAL
                             33 	.area _GSINIT
                             34 ;--------------------------------------------------------
                             35 ; Home
                             36 ;--------------------------------------------------------
                             37 	.area _HOME
                             38 	.area _HOME
                             39 ;--------------------------------------------------------
                             40 ; code
                             41 ;--------------------------------------------------------
                             42 	.area _CODE
                             43 	.area _CODE
   0000                      44 _sp_player_ship:
   0000 0C                   45 	.db #0x0c	; 12
   0001 0C                   46 	.db #0x0c	; 12
   0002 48                   47 	.db #0x48	; 72	'H'
   0003 84                   48 	.db #0x84	; 132
   0004 0C                   49 	.db #0x0c	; 12
   0005 0C                   50 	.db #0x0c	; 12
   0006 0C                   51 	.db #0x0c	; 12
   0007 0C                   52 	.db #0x0c	; 12
   0008 90                   53 	.db #0x90	; 144
   0009 60                   54 	.db #0x60	; 96
   000A 0C                   55 	.db #0x0c	; 12
   000B 0C                   56 	.db #0x0c	; 12
   000C 0C                   57 	.db #0x0c	; 12
   000D 0C                   58 	.db #0x0c	; 12
   000E D5                   59 	.db #0xd5	; 213
   000F EA                   60 	.db #0xea	; 234
   0010 0C                   61 	.db #0x0c	; 12
   0011 0C                   62 	.db #0x0c	; 12
   0012 0C                   63 	.db #0x0c	; 12
   0013 0C                   64 	.db #0x0c	; 12
   0014 D5                   65 	.db #0xd5	; 213
   0015 EA                   66 	.db #0xea	; 234
   0016 0C                   67 	.db #0x0c	; 12
   0017 0C                   68 	.db #0x0c	; 12
   0018 48                   69 	.db #0x48	; 72	'H'
   0019 0C                   70 	.db #0x0c	; 12
   001A C0                   71 	.db #0xc0	; 192
   001B C0                   72 	.db #0xc0	; 192
   001C 0C                   73 	.db #0x0c	; 12
   001D 84                   74 	.db #0x84	; 132
   001E 90                   75 	.db #0x90	; 144
   001F 84                   76 	.db #0x84	; 132
   0020 D5                   77 	.db #0xd5	; 213
   0021 68                   78 	.db #0x68	; 104	'h'
   0022 48                   79 	.db #0x48	; 72	'H'
   0023 60                   80 	.db #0x60	; 96
   0024 D5                   81 	.db #0xd5	; 213
   0025 84                   82 	.db #0x84	; 132
   0026 94                   83 	.db #0x94	; 148
   0027 68                   84 	.db #0x68	; 104	'h'
   0028 48                   85 	.db #0x48	; 72	'H'
   0029 EA                   86 	.db #0xea	; 234
   002A 85                   87 	.db #0x85	; 133
   002B EA                   88 	.db #0xea	; 234
   002C EA                   89 	.db #0xea	; 234
   002D D5                   90 	.db #0xd5	; 213
   002E D5                   91 	.db #0xd5	; 213
   002F 4A                   92 	.db #0x4a	; 74	'J'
   0030 48                   93 	.db #0x48	; 72	'H'
   0031 5F                   94 	.db #0x5f	; 95
   0032 FF                   95 	.db #0xff	; 255
   0033 FF                   96 	.db #0xff	; 255
   0034 AF                   97 	.db #0xaf	; 175
   0035 84                   98 	.db #0x84	; 132
   0036 0C                   99 	.db #0x0c	; 12
   0037 85                  100 	.db #0x85	; 133
   0038 FF                  101 	.db #0xff	; 255
   0039 FF                  102 	.db #0xff	; 255
   003A 4A                  103 	.db #0x4a	; 74	'J'
   003B 0C                  104 	.db #0x0c	; 12
   003C 0C                  105 	.db #0x0c	; 12
   003D 48                  106 	.db #0x48	; 72	'H'
   003E 4A                  107 	.db #0x4a	; 74	'J'
   003F 85                  108 	.db #0x85	; 133
   0040 84                  109 	.db #0x84	; 132
   0041 0C                  110 	.db #0x0c	; 12
   0042 0C                  111 	.db #0x0c	; 12
   0043 0C                  112 	.db #0x0c	; 12
   0044 C0                  113 	.db #0xc0	; 192
   0045 C0                  114 	.db #0xc0	; 192
   0046 0C                  115 	.db #0x0c	; 12
   0047 0C                  116 	.db #0x0c	; 12
   0048 0C                  117 	.db #0x0c	; 12
   0049 48                  118 	.db #0x48	; 72	'H'
   004A 5F                  119 	.db #0x5f	; 95
   004B AF                  120 	.db #0xaf	; 175
   004C 84                  121 	.db #0x84	; 132
   004D 0C                  122 	.db #0x0c	; 12
   004E 0C                  123 	.db #0x0c	; 12
   004F C0                  124 	.db #0xc0	; 192
   0050 C0                  125 	.db #0xc0	; 192
   0051 C0                  126 	.db #0xc0	; 192
   0052 C0                  127 	.db #0xc0	; 192
   0053 0C                  128 	.db #0x0c	; 12
                            129 	.area _INITIALIZER
                            130 	.area _CABS (ABS)
